2021-06-08 17:49:52,368 - youtrack.py: get_workItems - ERROR - 'str' object has no attribute 'get'
2021-06-09 10:00:02,273 - youtrack.py: async_issue_by_project - INFO - 收到数据条数：2
2021-06-09 10:06:05,179 - youtrack.py: async_issue_by_project - INFO - 收到数据条数：2
2021-06-09 10:07:03,164 - youtrack.py: async_issue_by_project - INFO - 收到数据条数：2
2021-06-10 14:32:31,611 - youtrack.py: get_data - INFO - 收到的条数:1000
2021-06-10 14:32:31,622 - youtrack.py: get_data - INFO - 收到的条数:1000
2021-06-10 14:32:31,636 - youtrack.py: get_data - INFO - 收到的条数:1000
2021-06-10 14:32:31,666 - youtrack.py: get_data - INFO - 收到的条数:1000
2021-06-10 14:32:31,728 - youtrack.py: get_data - INFO - 收到的条数:1000
2021-06-10 14:32:32,176 - youtrack.py: get_data - INFO - 收到的条数:1000
2021-06-10 14:32:32,177 - youtrack.py: worker - INFO - result:2000
2021-06-10 14:32:32,217 - youtrack.py: get_data - INFO - 收到的条数:1000
2021-06-10 14:32:32,218 - youtrack.py: get_data - INFO - 收到的条数:1000
2021-06-10 14:32:32,218 - youtrack.py: worker - INFO - result:2000
2021-06-10 14:32:32,219 - youtrack.py: worker - INFO - result:2000
2021-06-10 14:32:32,241 - youtrack.py: get_data - INFO - 收到的条数:1000
2021-06-10 14:32:32,241 - youtrack.py: worker - INFO - result:2000
2021-06-10 14:32:32,287 - youtrack.py: get_data - INFO - 收到的条数:1000
2021-06-10 14:32:32,287 - youtrack.py: worker - INFO - result:2000
2021-06-10 20:53:32,168 - woker.py: get_data - INFO - 收到的条数:1000
2021-06-10 20:53:32,605 - woker.py: get_data - INFO - 收到的条数:1000
2021-06-10 20:53:33,032 - woker.py: get_data - INFO - 收到的条数:1000
2021-06-10 20:53:33,474 - woker.py: get_data - INFO - 收到的条数:1000
2021-06-10 20:54:07,772 - woker.py: get_data - INFO - 收到的条数:1000
2021-06-10 20:54:08,195 - woker.py: get_data - INFO - 收到的条数:1000
2021-06-10 20:54:08,626 - woker.py: get_data - INFO - 收到的条数:1000
2021-06-10 20:54:09,065 - woker.py: get_data - INFO - 收到的条数:1000
2021-06-10 20:54:35,706 - woker.py: get_data - INFO - 收到的条数:1000
2021-06-10 20:54:36,431 - woker.py: get_data - INFO - 收到的条数:1000
2021-06-10 20:54:36,897 - woker.py: get_data - INFO - 收到的条数:1000
2021-06-10 20:54:37,320 - woker.py: get_data - INFO - 收到的条数:1000
2021-06-10 20:55:00,195 - woker.py: get_data - INFO - 收到的条数:1000
2021-06-10 20:55:00,638 - woker.py: get_data - INFO - 收到的条数:1000
2021-06-10 20:55:01,059 - woker.py: get_data - INFO - 收到的条数:1000
2021-06-10 20:55:01,496 - woker.py: get_data - INFO - 收到的条数:1000
2021-06-10 20:55:44,080 - woker.py: get_data - INFO - 收到的条数:1000
2021-06-10 20:55:44,519 - woker.py: get_data - INFO - 收到的条数:1000
2021-06-10 20:55:44,951 - woker.py: get_data - INFO - 收到的条数:1000
2021-06-10 20:55:45,386 - woker.py: get_data - INFO - 收到的条数:1000
2021-06-10 20:56:09,072 - woker.py: get_data - INFO - 收到的条数:1000
2021-06-10 20:56:09,539 - woker.py: get_data - INFO - 收到的条数:1000
2021-06-10 20:56:09,963 - woker.py: get_data - INFO - 收到的条数:1000
2021-06-10 20:56:10,394 - woker.py: get_data - INFO - 收到的条数:1000
2021-06-10 20:56:34,117 - woker.py: get_data - INFO - 收到的条数:1000
2021-06-10 20:56:34,555 - woker.py: get_data - INFO - 收到的条数:1000
2021-06-10 20:56:34,984 - woker.py: get_data - INFO - 收到的条数:1000
2021-06-10 20:56:35,482 - woker.py: get_data - INFO - 收到的条数:1000
2021-06-10 20:56:43,837 - woker.py: get_data - INFO - 收到的条数:1000
2021-06-10 20:56:44,259 - woker.py: get_data - INFO - 收到的条数:1000
2021-06-10 20:56:44,677 - woker.py: get_data - INFO - 收到的条数:1000
2021-06-10 20:56:45,130 - woker.py: get_data - INFO - 收到的条数:1000
2021-06-10 20:57:20,288 - woker.py: get_data - INFO - 收到的条数:1000
2021-06-10 20:57:20,724 - woker.py: get_data - INFO - 收到的条数:1000
2021-06-10 20:57:21,159 - woker.py: get_data - INFO - 收到的条数:1000
2021-06-10 20:57:21,626 - woker.py: get_data - INFO - 收到的条数:1000
2021-06-10 21:06:05,048 - woker.py: get_data - INFO - 收到的条数:50
2021-06-10 21:06:05,162 - woker.py: get_data - INFO - 收到的条数:50
2021-06-10 21:06:05,274 - woker.py: get_data - INFO - 收到的条数:50
2021-06-10 21:06:05,400 - woker.py: get_data - INFO - 收到的条数:50
2021-06-10 21:06:47,602 - woker.py: get_data - INFO - 收到的条数:50
2021-06-10 21:06:47,706 - woker.py: get_data - INFO - 收到的条数:50
2021-06-10 21:06:47,822 - woker.py: get_data - INFO - 收到的条数:50
2021-06-10 21:06:47,934 - woker.py: get_data - INFO - 收到的条数:50
2021-06-10 21:10:12,917 - woker.py: get_data - INFO - 收到的条数:50
2021-06-10 21:10:13,025 - woker.py: get_data - INFO - 收到的条数:50
2021-06-10 21:10:13,136 - woker.py: get_data - INFO - 收到的条数:50
2021-06-10 21:10:13,258 - woker.py: get_data - INFO - 收到的条数:50
2021-06-10 21:10:56,560 - woker.py: get_data - INFO - 收到的条数:1
2021-06-10 21:10:56,646 - woker.py: get_data - INFO - 收到的条数:1
2021-06-10 21:10:56,731 - woker.py: get_data - INFO - 收到的条数:1
2021-06-10 21:10:56,813 - woker.py: get_data - INFO - 收到的条数:1
2021-06-10 21:11:28,997 - woker.py: get_data - INFO - 收到的条数:1
2021-06-10 21:11:29,090 - woker.py: get_data - INFO - 收到的条数:1
2021-06-10 21:11:29,210 - woker.py: get_data - INFO - 收到的条数:1
2021-06-10 21:11:29,301 - woker.py: get_data - INFO - 收到的条数:1
